Using pre-set license
Built from '2022.2/staging' branch; Version is '2022.2.14f1 (b2c9b1ac6cc0) revision 11717041'; Using compiler version '192829333'; Build Type 'Release'
OS: 'Windows 11  (10.0.22621) 64bit Core' Language: 'es' Physical Memory: 32577 MB
BatchMode: 1, IsHumanControllingUs: 0, StartBugReporterOnCrash: 0, Is64bit: 1, IsPro: 1

COMMAND LINE ARGUMENTS:
C:\Program Files\Unity\Hub\Editor\2022.2.14f1\Editor\Unity.exe
-adb2
-batchMode
-noUpm
-name
AssetImportWorker6
-projectPath
C:/Users/Usuario/Documents/GitHub/HungryDinnos
-logFile
Logs/AssetImportWorker6.log
-srvPort
53153
Successfully changed project path to: C:/Users/Usuario/Documents/GitHub/HungryDinnos
C:/Users/Usuario/Documents/GitHub/HungryDinnos
[UnityMemory] Configuration Parameters - Can be set up in boot.config
    "memorysetup-bucket-allocator-granularity=16"
    "memorysetup-bucket-allocator-bucket-count=8"
    "memorysetup-bucket-allocator-block-size=33554432"
    "memorysetup-bucket-allocator-block-count=8"
    "memorysetup-main-allocator-block-size=16777216"
    "memorysetup-thread-allocator-block-size=16777216"
    "memorysetup-gfx-main-allocator-block-size=16777216"
    "memorysetup-gfx-thread-allocator-block-size=16777216"
    "memorysetup-cache-allocator-block-size=4194304"
    "memorysetup-typetree-allocator-block-size=2097152"
    "memorysetup-profiler-bucket-allocator-granularity=16"
    "memorysetup-profiler-bucket-allocator-bucket-count=8"
    "memorysetup-profiler-bucket-allocator-block-size=33554432"
    "memorysetup-profiler-bucket-allocator-block-count=8"
    "memorysetup-profiler-allocator-block-size=16777216"
    "memorysetup-profiler-editor-allocator-block-size=1048576"
    "memorysetup-temp-allocator-size-main=16777216"
    "memorysetup-job-temp-allocator-block-size=2097152"
    "memorysetup-job-temp-allocator-block-size-background=1048576"
    "memorysetup-job-temp-allocator-reduction-small-platforms=262144"
    "memorysetup-temp-allocator-size-background-worker=32768"
    "memorysetup-temp-allocator-size-job-worker=262144"
    "memorysetup-temp-allocator-size-preload-manager=33554432"
    "memorysetup-temp-allocator-size-nav-mesh-worker=65536"
    "memorysetup-temp-allocator-size-audio-worker=65536"
    "memorysetup-temp-allocator-size-cloud-worker=32768"
    "memorysetup-temp-allocator-size-gi-baking-worker=262144"
    "memorysetup-temp-allocator-size-gfx=262144"
Player connection [10448] Host "[IP] 192.168.1.134 [Port] 0 [Flags] 2 [Guid] 2866730812 [EditorId] 2866730812 [Version] 1048832 [Id] WindowsEditor(7,DESKTOP-DOPQ7VR) [Debug] 1 [PackageName] WindowsEditor [ProjectName] Editor" joined multi-casting on [225.0.0.222:54997]...

Player connection [10448] Host "[IP] 192.168.1.134 [Port] 0 [Flags] 2 [Guid] 2866730812 [EditorId] 2866730812 [Version] 1048832 [Id] WindowsEditor(7,DESKTOP-DOPQ7VR) [Debug] 1 [PackageName] WindowsEditor [ProjectName] Editor" joined alternative multi-casting on [225.0.0.222:34997]...

Refreshing native plugins compatible for Editor in 3.70 ms, found 3 plugins.
Preloading 0 native plugins for Editor in 0.00 ms.
Initialize engine version: 2022.2.14f1 (b2c9b1ac6cc0)
[Subsystems] Discovering subsystems at path C:/Program Files/Unity/Hub/Editor/2022.2.14f1/Editor/Data/Resources/UnitySubsystems
[Subsystems] Discovering subsystems at path C:/Users/Usuario/Documents/GitHub/HungryDinnos/Assets
GfxDevice: creating device client; threaded=0; jobified=0
Direct3D:
    Version:  Direct3D 11.0 [level 11.1]
    Renderer: NVIDIA GeForce RTX 3080 (ID=0x2216)
    Vendor:   NVIDIA
    VRAM:     10067 MB
    Driver:   31.0.15.3141
Initialize mono
Mono path[0] = 'C:/Program Files/Unity/Hub/Editor/2022.2.14f1/Editor/Data/Managed'
Mono path[1] = 'C:/Program Files/Unity/Hub/Editor/2022.2.14f1/Editor/Data/MonoBleedingEdge/lib/mono/unityjit-win32'
Mono config path = 'C:/Program Files/Unity/Hub/Editor/2022.2.14f1/Editor/Data/MonoBleedingEdge/etc'
Using monoOptions --debugger-agent=transport=dt_socket,embedding=1,server=y,suspend=n,address=127.0.0.1:56780
Begin MonoManager ReloadAssembly
Registering precompiled unity dll's ...
Register platform support module: C:/Program Files/Unity/Hub/Editor/2022.2.14f1/Editor/Data/PlaybackEngines/WindowsStandaloneSupport/UnityEditor.WindowsStandalone.Extensions.dll
Registered in 0.003266 seconds.
- Loaded All Assemblies, in  0.176 seconds
Native extension for WindowsStandalone target not found
Mono: successfully reloaded assembly
- Finished resetting the current domain, in  0.143 seconds
Domain Reload Profiling:
	ReloadAssembly (111ms)
		BeginReloadAssembly (53ms)
			ExecutionOrderSort (0ms)
			DisableScriptedObjects (0ms)
			BackupInstance (0ms)
			ReleaseScriptingObjects (0ms)
			CreateAndSetChildDomain (1ms)
		LoadAllAssembliesAndSetupDomain (0ms)
			LoadAssemblies (52ms)
			RebuildTransferFunctionScriptingTraits (0ms)
			SetupTypeCache (62ms)
				TypeCache.Initialize (61ms)
					TypeCache.ScanAssembly (60ms)
				ResolveRequiredComponents (0ms)
		FinalizeReload (0ms)
			ReleaseScriptCaches (0ms)
			RebuildScriptCaches (0ms)
			SetupLoadedEditorAssemblies (111ms)
				LogAssemblyErrors (0ms)
				InitializePlatformSupportModulesInManaged (5ms)
				SetLoadedEditorAssemblies (4ms)
				RefreshPlugins (0ms)
				BeforeProcessingInitializeOnLoad (1ms)
				ProcessInitializeOnLoadAttributes (77ms)
				ProcessInitializeOnLoadMethodAttributes (25ms)
				AfterProcessingInitializeOnLoad (0ms)
				EditorAssembliesLoaded (0ms)
			ExecutionOrderSort2 (0ms)
			AwakeInstancesAfterBackupRestoration (0ms)
========================================================================
Worker process is ready to serve import requests
Begin MonoManager ReloadAssembly
Symbol file LoadedFromMemory doesn't match image C:\Users\Usuario\Documents\GitHub\HungryDinnos\Library\PackageCache\com.unity.visualscripting@1.8.0\Editor\VisualScripting.Core\Dependencies\YamlDotNet\Unity.VisualScripting.YamlDotNet.dll
Symbol file LoadedFromMemory doesn't match image C:\Users\Usuario\Documents\GitHub\HungryDinnos\Library\PackageCache\com.unity.visualscripting@1.8.0\Editor\VisualScripting.Core\Dependencies\DotNetZip\Unity.VisualScripting.IonicZip.dll
- Loaded All Assemblies, in  0.363 seconds
Refreshing native plugins compatible for Editor in 1.46 ms, found 3 plugins.
Native extension for WindowsStandalone target not found
Mono: successfully reloaded assembly
- Finished resetting the current domain, in  0.258 seconds
Domain Reload Profiling:
	ReloadAssembly (111ms)
		BeginReloadAssembly (66ms)
			ExecutionOrderSort (0ms)
			DisableScriptedObjects (3ms)
			BackupInstance (0ms)
			ReleaseScriptingObjects (0ms)
			CreateAndSetChildDomain (11ms)
		LoadAllAssembliesAndSetupDomain (251ms)
			LoadAssemblies (135ms)
			RebuildTransferFunctionScriptingTraits (0ms)
			SetupTypeCache (146ms)
				TypeCache.Initialize (137ms)
					TypeCache.ScanAssembly (135ms)
				ResolveRequiredComponents (2ms)
		FinalizeReload (0ms)
			ReleaseScriptCaches (0ms)
			RebuildScriptCaches (0ms)
			SetupLoadedEditorAssemblies (183ms)
				LogAssemblyErrors (0ms)
				InitializePlatformSupportModulesInManaged (3ms)
				SetLoadedEditorAssemblies (2ms)
				RefreshPlugins (0ms)
				BeforeProcessingInitializeOnLoad (29ms)
				ProcessInitializeOnLoadAttributes (137ms)
				ProcessInitializeOnLoadMethodAttributes (10ms)
				AfterProcessingInitializeOnLoad (3ms)
				EditorAssembliesLoaded (0ms)
			ExecutionOrderSort2 (0ms)
			AwakeInstancesAfterBackupRestoration (4ms)
Launched and connected shader compiler UnityShaderCompiler.exe after 0.02 seconds
Refreshing native plugins compatible for Editor in 1.27 ms, found 3 plugins.
Preloading 0 native plugins for Editor in 0.00 ms.
Unloading 3066 Unused Serialized files (Serialized files now loaded: 0)
Unloading 31 unused Assets / (66.3 KB). Loaded Objects now: 3531.
Memory consumption went from 109.4 MB to 109.3 MB.
Total: 1.696100 ms (FindLiveObjects: 0.114200 ms CreateObjectMapping: 0.036100 ms MarkObjects: 1.486000 ms  DeleteObjects: 0.059200 ms)

AssetImportParameters requested are different than current active one (requested -> active):
  custom:container-demuxer-ogg: 62fdf1f143b41e24485cea50d1cbac27 -> 
  custom:video-codec-MediaFoundation-h265: 746d11721c4dcdbdad8f713fa42b33f4 -> 
  custom:video-decoder-ogg-theora: a1e56fd34408186e4bbccfd4996cb3dc -> 
  custom:framework-win-MediaFoundation: 216162199b28c13a410421893ffa2e32 -> 
  custom:scripting/monoscript/fileName/AnimationButton.cs: 369ebafea120d23c241ccc8e0032594e -> 0de8f1e23f4da62e4466cba3afff39c5
  custom:container-demuxer-webm: 4f35f7cbe854078d1ac9338744f61a02 -> 
  custom:container-muxer-webm: aa71ff27fc2769a1b78a27578f13a17b -> 
  custom:video-decoder-webm-vp8: 9c59270c3fd7afecdb556c50c9e8de78 -> 
  custom:AudioImporter_EditorPlatform: d09bf68614088b80899f8185d706f6e7 -> 
  custom:scripting/monoscript/fileName/CameraController.cs: 19160a700714bae5af5b6e510e3a9bc4 -> a41d07c8003f69b679a9bb0b0800c12f
  custom:video-encoder-webm-vp8: eb34c28f22e8b96e1ab97ce403110664 -> 
  custom:audio-decoder-ogg-vorbis: bf7c407c2cedff20999df2af8eb42d56 -> 
  custom:audio-encoder-webm-vorbis: bf7c407c2cedff20999df2af8eb42d56 -> 
========================================================================
Received Import Request.
  Time since last request: 528487.376585 seconds.
  path: Assets/0LowpolyDinosaurs/Models/Environment/Mountain_2.fbx
  artifactKey: Guid(89736bfc2ccdf7c4288ffe9bcbf800a7) Importer(815301076,1909f56bfc062723c751e8b465ee728b)
Start importing Assets/0LowpolyDinosaurs/Models/Environment/Mountain_2.fbx using Guid(89736bfc2ccdf7c4288ffe9bcbf800a7) Importer(815301076,1909f56bfc062723c751e8b465ee728b)  -> (artifact id: '3b44105a21fc586d46d947b51421305e') in 0.082051 seconds
Number of updated asset objects reloaded before import = 0
Number of asset objects unloaded after import = 8
========================================================================
Received Import Request.
  Time since last request: 0.000010 seconds.
  path: Assets/0LowpolyDinosaurs/Models/Environment/Plant3_2.fbx
  artifactKey: Guid(1c677157bdcc134468bb3328e5efb585) Importer(815301076,1909f56bfc062723c751e8b465ee728b)
Start importing Assets/0LowpolyDinosaurs/Models/Environment/Plant3_2.fbx using Guid(1c677157bdcc134468bb3328e5efb585) Importer(815301076,1909f56bfc062723c751e8b465ee728b)  -> (artifact id: 'e2c2fbeb70e145a970169c7a9464ae8d') in 0.028380 seconds
Number of updated asset objects reloaded before import = 0
Number of asset objects unloaded after import = 11
========================================================================
Received Import Request.
  Time since last request: 0.000011 seconds.
  path: Assets/0LowpolyDinosaurs/Models/Environment/Rock_1.fbx
  artifactKey: Guid(c06eff9f22d958946bc6dc220fd70400) Importer(815301076,1909f56bfc062723c751e8b465ee728b)
Start importing Assets/0LowpolyDinosaurs/Models/Environment/Rock_1.fbx using Guid(c06eff9f22d958946bc6dc220fd70400) Importer(815301076,1909f56bfc062723c751e8b465ee728b)  -> (artifact id: '1154e47d172b6ad6c1987ef0a1967419') in 0.009600 seconds
Number of updated asset objects reloaded before import = 0
Number of asset objects unloaded after import = 8
========================================================================
Received Import Request.
  Time since last request: 127.761358 seconds.
  path: Assets/0LowpolyDinosaurs/Prefabs/Alvarezsaurus.prefab
  artifactKey: Guid(1544d34375689644eb9eb4b82034958f) Importer(815301076,1909f56bfc062723c751e8b465ee728b)
Start importing Assets/0LowpolyDinosaurs/Prefabs/Alvarezsaurus.prefab using Guid(1544d34375689644eb9eb4b82034958f) Importer(815301076,1909f56bfc062723c751e8b465ee728b)  -> (artifact id: '8707dbebbe9c2970f2450d6f08825ba9') in 0.014231 seconds
Internal: There are remaining Allocations on the JobTempAlloc. This is a leak, and will impact performance
To Debug, run app with -diag-job-temp-memory-leak-validation cmd line argument. This will output the callstacks of the leaked allocations.
Number of updated asset objects reloaded before import = 0
Number of asset objects unloaded after import = 137
========================================================================
Received Import Request.
  Time since last request: 0.000010 seconds.
  path: Assets/0LowpolyDinosaurs/Prefabs/Amargasaurus.prefab
  artifactKey: Guid(3d4a7aa709d52d245938430914e865a4) Importer(815301076,1909f56bfc062723c751e8b465ee728b)
Start importing Assets/0LowpolyDinosaurs/Prefabs/Amargasaurus.prefab using Guid(3d4a7aa709d52d245938430914e865a4) Importer(815301076,1909f56bfc062723c751e8b465ee728b)  -> (artifact id: 'ca3f8451065a68306295f29f964168bc') in 0.010575 seconds
Internal: There are remaining Allocations on the JobTempAlloc. This is a leak, and will impact performance
To Debug, run app with -diag-job-temp-memory-leak-validation cmd line argument. This will output the callstacks of the leaked allocations.
Number of updated asset objects reloaded before import = 0
Number of asset objects unloaded after import = 135
========================================================================
Received Import Request.
  Time since last request: 0.000772 seconds.
  path: Assets/0LowpolyDinosaurs/Prefabs/Cryolophosaurus.prefab
  artifactKey: Guid(97e66115d845a914e9afe6d422042028) Importer(815301076,1909f56bfc062723c751e8b465ee728b)
Start importing Assets/0LowpolyDinosaurs/Prefabs/Cryolophosaurus.prefab using Guid(97e66115d845a914e9afe6d422042028) Importer(815301076,1909f56bfc062723c751e8b465ee728b)  -> (artifact id: 'f223ded4084da143a1af6979cd68a826') in 0.010701 seconds
Internal: There are remaining Allocations on the JobTempAlloc. This is a leak, and will impact performance
To Debug, run app with -diag-job-temp-memory-leak-validation cmd line argument. This will output the callstacks of the leaked allocations.
Number of updated asset objects reloaded before import = 0
Number of asset objects unloaded after import = 133
========================================================================
Received Import Request.
  Time since last request: 0.000011 seconds.
  path: Assets/0LowpolyDinosaurs/Prefabs/Deinonychus.prefab
  artifactKey: Guid(a1cda20f41cc8134fa9233d196823650) Importer(815301076,1909f56bfc062723c751e8b465ee728b)
Start importing Assets/0LowpolyDinosaurs/Prefabs/Deinonychus.prefab using Guid(a1cda20f41cc8134fa9233d196823650) Importer(815301076,1909f56bfc062723c751e8b465ee728b)  -> (artifact id: '6eb03bec9c6268dc1fd61d18736c2d6a') in 0.011618 seconds
Internal: JobTempAlloc has allocations that are more than the maximum lifespan of 4 frames old - this is not allowed and likely a leak
To Debug, run app with -diag-job-temp-memory-leak-validation cmd line argument. This will output the callstacks of the leaked allocations.
Internal: There are remaining Allocations on the JobTempAlloc. This is a leak, and will impact performance
To Debug, run app with -diag-job-temp-memory-leak-validation cmd line argument. This will output the callstacks of the leaked allocations.
Number of updated asset objects reloaded before import = 0
Number of asset objects unloaded after import = 135
========================================================================
Received Import Request.
  Time since last request: 0.000010 seconds.
  path: Assets/0LowpolyDinosaurs/Prefabs/Majungasaurus.prefab
  artifactKey: Guid(76d9bf04cabc25749879cf6928579320) Importer(815301076,1909f56bfc062723c751e8b465ee728b)
Start importing Assets/0LowpolyDinosaurs/Prefabs/Majungasaurus.prefab using Guid(76d9bf04cabc25749879cf6928579320) Importer(815301076,1909f56bfc062723c751e8b465ee728b)  -> (artifact id: '23f0df5d5271d0255635617beb685855') in 0.010485 seconds
Internal: There are remaining Allocations on the JobTempAlloc. This is a leak, and will impact performance
To Debug, run app with -diag-job-temp-memory-leak-validation cmd line argument. This will output the callstacks of the leaked allocations.
Number of updated asset objects reloaded before import = 0
Number of asset objects unloaded after import = 109
========================================================================
Received Import Request.
  Time since last request: 0.000011 seconds.
  path: Assets/0LowpolyDinosaurs/Prefabs/Mosasaurus.prefab
  artifactKey: Guid(cd7a4ddcf4eb2b64bac3694d03eddc3e) Importer(815301076,1909f56bfc062723c751e8b465ee728b)
Start importing Assets/0LowpolyDinosaurs/Prefabs/Mosasaurus.prefab using Guid(cd7a4ddcf4eb2b64bac3694d03eddc3e) Importer(815301076,1909f56bfc062723c751e8b465ee728b)  -> (artifact id: 'cc6c134cf0738d5791649e2b8db0b9b3') in 0.008930 seconds
Internal: There are remaining Allocations on the JobTempAlloc. This is a leak, and will impact performance
To Debug, run app with -diag-job-temp-memory-leak-validation cmd line argument. This will output the callstacks of the leaked allocations.
Number of updated asset objects reloaded before import = 0
Number of asset objects unloaded after import = 73
========================================================================
Received Import Request.
  Time since last request: 0.000010 seconds.
  path: Assets/0LowpolyDinosaurs/Prefabs/Stegosaurus.prefab
  artifactKey: Guid(029f67908b1a54a4e9f7d85802679fff) Importer(815301076,1909f56bfc062723c751e8b465ee728b)
Start importing Assets/0LowpolyDinosaurs/Prefabs/Stegosaurus.prefab using Guid(029f67908b1a54a4e9f7d85802679fff) Importer(815301076,1909f56bfc062723c751e8b465ee728b)  -> (artifact id: '340dccc89b785825ec46ae2a180028c9') in 0.012209 seconds
Internal: There are remaining Allocations on the JobTempAlloc. This is a leak, and will impact performance
To Debug, run app with -diag-job-temp-memory-leak-validation cmd line argument. This will output the callstacks of the leaked allocations.
Number of updated asset objects reloaded before import = 0
Number of asset objects unloaded after import = 165
========================================================================
Received Import Request.
  Time since last request: 0.000022 seconds.
  path: Assets/0LowpolyDinosaurs/Prefabs/Triceratops.prefab
  artifactKey: Guid(648c114753cd9264daf3e51e522b0a36) Importer(815301076,1909f56bfc062723c751e8b465ee728b)
Start importing Assets/0LowpolyDinosaurs/Prefabs/Triceratops.prefab using Guid(648c114753cd9264daf3e51e522b0a36) Importer(815301076,1909f56bfc062723c751e8b465ee728b)  -> (artifact id: '737717d27c6a91ed76f56cfdeab37d86') in 0.034525 seconds
Internal: There are remaining Allocations on the JobTempAlloc. This is a leak, and will impact performance
To Debug, run app with -diag-job-temp-memory-leak-validation cmd line argument. This will output the callstacks of the leaked allocations.
Number of updated asset objects reloaded before import = 0
Number of asset objects unloaded after import = 139
========================================================================
Received Import Request.
  Time since last request: 0.000015 seconds.
  path: Assets/0LowpolyDinosaurs/Prefabs/Baryonyx.prefab
  artifactKey: Guid(b3b8ad899789505488b99930a0ef038c) Importer(815301076,1909f56bfc062723c751e8b465ee728b)
Start importing Assets/0LowpolyDinosaurs/Prefabs/Baryonyx.prefab using Guid(b3b8ad899789505488b99930a0ef038c) Importer(815301076,1909f56bfc062723c751e8b465ee728b)  -> (artifact id: '18a7ad972ecb431a5024ca127c165d98') in 0.032663 seconds
Internal: There are remaining Allocations on the JobTempAlloc. This is a leak, and will impact performance
To Debug, run app with -diag-job-temp-memory-leak-validation cmd line argument. This will output the callstacks of the leaked allocations.
Number of updated asset objects reloaded before import = 0
Number of asset objects unloaded after import = 133
========================================================================
Received Import Request.
  Time since last request: 0.000010 seconds.
  path: Assets/0LowpolyDinosaurs/Prefabs/Dilophosaurus.prefab
  artifactKey: Guid(f2d84bd829889b345918c37b63e5c1e9) Importer(815301076,1909f56bfc062723c751e8b465ee728b)
Start importing Assets/0LowpolyDinosaurs/Prefabs/Dilophosaurus.prefab using Guid(f2d84bd829889b345918c37b63e5c1e9) Importer(815301076,1909f56bfc062723c751e8b465ee728b)  -> (artifact id: 'aec861302b340bb05c02e31ca2a5cf9e') in 0.040953 seconds
Internal: There are remaining Allocations on the JobTempAlloc. This is a leak, and will impact performance
To Debug, run app with -diag-job-temp-memory-leak-validation cmd line argument. This will output the callstacks of the leaked allocations.
Number of updated asset objects reloaded before import = 0
Number of asset objects unloaded after import = 133
========================================================================
Received Import Request.
  Time since last request: 0.000012 seconds.
  path: Assets/0LowpolyDinosaurs/Prefabs/Parasaurolophus.prefab
  artifactKey: Guid(b7e85b3b3742a934f98439387a2ca767) Importer(815301076,1909f56bfc062723c751e8b465ee728b)
Start importing Assets/0LowpolyDinosaurs/Prefabs/Parasaurolophus.prefab using Guid(b7e85b3b3742a934f98439387a2ca767) Importer(815301076,1909f56bfc062723c751e8b465ee728b)  -> (artifact id: 'ed1ea950c76538bc389d935d030dd2d0') in 0.034681 seconds
Internal: There are remaining Allocations on the JobTempAlloc. This is a leak, and will impact performance
To Debug, run app with -diag-job-temp-memory-leak-validation cmd line argument. This will output the callstacks of the leaked allocations.
Number of updated asset objects reloaded before import = 0
Number of asset objects unloaded after import = 133
========================================================================
Received Import Request.
  Time since last request: 0.000036 seconds.
  path: Assets/0LowpolyDinosaurs/Prefabs/Kentrosaurus.prefab
  artifactKey: Guid(d04479f17a85789429ce5b4b9ca7d342) Importer(815301076,1909f56bfc062723c751e8b465ee728b)
Start importing Assets/0LowpolyDinosaurs/Prefabs/Kentrosaurus.prefab using Guid(d04479f17a85789429ce5b4b9ca7d342) Importer(815301076,1909f56bfc062723c751e8b465ee728b)  -> (artifact id: 'a4967b97784a5d34a131fff47a9c2ff5') in 0.015641 seconds
Internal: There are remaining Allocations on the JobTempAlloc. This is a leak, and will impact performance
To Debug, run app with -diag-job-temp-memory-leak-validation cmd line argument. This will output the callstacks of the leaked allocations.
Number of updated asset objects reloaded before import = 0
Number of asset objects unloaded after import = 191
========================================================================
Received Import Request.
  Time since last request: 0.000010 seconds.
  path: Assets/0LowpolyDinosaurs/Prefabs/Elasmosaurus.prefab
  artifactKey: Guid(5f32458c8afc3e04cbe5419533b72bf0) Importer(815301076,1909f56bfc062723c751e8b465ee728b)
Start importing Assets/0LowpolyDinosaurs/Prefabs/Elasmosaurus.prefab using Guid(5f32458c8afc3e04cbe5419533b72bf0) Importer(815301076,1909f56bfc062723c751e8b465ee728b)  -> (artifact id: 'a4b9ed918587804a9202b5187a0fa0c8') in 0.010202 seconds
Internal: There are remaining Allocations on the JobTempAlloc. This is a leak, and will impact performance
To Debug, run app with -diag-job-temp-memory-leak-validation cmd line argument. This will output the callstacks of the leaked allocations.
Number of updated asset objects reloaded before import = 0
Number of asset objects unloaded after import = 81
========================================================================
Received Import Request.
  Time since last request: 0.000016 seconds.
  path: Assets/0LowpolyDinosaurs/Prefabs/Spinosaurus.prefab
  artifactKey: Guid(adf1fbd9dea1a9144bae997742109dc1) Importer(815301076,1909f56bfc062723c751e8b465ee728b)
Start importing Assets/0LowpolyDinosaurs/Prefabs/Spinosaurus.prefab using Guid(adf1fbd9dea1a9144bae997742109dc1) Importer(815301076,1909f56bfc062723c751e8b465ee728b)  -> (artifact id: 'a3e2f0c850d103236329c8871e5b12e2') in 0.013210 seconds
Internal: JobTempAlloc has allocations that are more than the maximum lifespan of 4 frames old - this is not allowed and likely a leak
To Debug, run app with -diag-job-temp-memory-leak-validation cmd line argument. This will output the callstacks of the leaked allocations.
Internal: There are remaining Allocations on the JobTempAlloc. This is a leak, and will impact performance
To Debug, run app with -diag-job-temp-memory-leak-validation cmd line argument. This will output the callstacks of the leaked allocations.
Number of updated asset objects reloaded before import = 0
Number of asset objects unloaded after import = 143
========================================================================
Received Prepare
Begin MonoManager ReloadAssembly
Internal: deleting an allocation that is older than its permitted lifetime of 4 frames (age = 5)
Internal: deleting an allocation that is older than its permitted lifetime of 4 frames (age = 5)
Internal: deleting an allocation that is older than its permitted lifetime of 4 frames (age = 6)
Internal: deleting an allocation that is older than its permitted lifetime of 4 frames (age = 6)
Internal: deleting an allocation that is older than its permitted lifetime of 4 frames (age = 7)
Internal: deleting an allocation that is older than its permitted lifetime of 4 frames (age = 7)
Internal: deleting an allocation that is older than its permitted lifetime of 4 frames (age = 8)
Internal: deleting an allocation that is older than its permitted lifetime of 4 frames (age = 8)
Internal: deleting an allocation that is older than its permitted lifetime of 4 frames (age = 9)
Internal: deleting an allocation that is older than its permitted lifetime of 4 frames (age = 9)
Internal: deleting an allocation that is older than its permitted lifetime of 4 frames (age = 10)
Internal: deleting an allocation that is older than its permitted lifetime of 4 frames (age = 10)
Internal: deleting an allocation that is older than its permitted lifetime of 4 frames (age = 11)
Internal: deleting an allocation that is older than its permitted lifetime of 4 frames (age = 11)
Internal: deleting an allocation that is older than its permitted lifetime of 4 frames (age = 12)
Internal: deleting an allocation that is older than its permitted lifetime of 4 frames (age = 12)
Internal: deleting an allocation that is older than its permitted lifetime of 4 frames (age = 13)
Internal: deleting an allocation that is older than its permitted lifetime of 4 frames (age = 13)
Internal: deleting an allocation that is older than its permitted lifetime of 4 frames (age = 14)
Internal: deleting an allocation that is older than its permitted lifetime of 4 frames (age = 14)
Symbol file LoadedFromMemory doesn't match image C:\Users\Usuario\Documents\GitHub\HungryDinnos\Library\PackageCache\com.unity.visualscripting@1.8.0\Editor\VisualScripting.Core\Dependencies\YamlDotNet\Unity.VisualScripting.YamlDotNet.dll
Symbol file LoadedFromMemory doesn't match image C:\Users\Usuario\Documents\GitHub\HungryDinnos\Library\PackageCache\com.unity.visualscripting@1.8.0\Editor\VisualScripting.Core\Dependencies\DotNetZip\Unity.VisualScripting.IonicZip.dll
- Loaded All Assemblies, in  0.387 seconds
Refreshing native plugins compatible for Editor in 1.69 ms, found 3 plugins.
Native extension for WindowsStandalone target not found
Mono: successfully reloaded assembly
- Finished resetting the current domain, in  0.423 seconds
Domain Reload Profiling:
	ReloadAssembly (120ms)
		BeginReloadAssembly (82ms)
			ExecutionOrderSort (0ms)
			DisableScriptedObjects (2ms)
			BackupInstance (0ms)
			ReleaseScriptingObjects (0ms)
			CreateAndSetChildDomain (23ms)
		LoadAllAssembliesAndSetupDomain (266ms)
			LoadAssemblies (134ms)
			RebuildTransferFunctionScriptingTraits (0ms)
			SetupTypeCache (163ms)
				TypeCache.Initialize (159ms)
					TypeCache.ScanAssembly (156ms)
				ResolveRequiredComponents (2ms)
		FinalizeReload (0ms)
			ReleaseScriptCaches (0ms)
			RebuildScriptCaches (0ms)
			SetupLoadedEditorAssemblies (182ms)
				LogAssemblyErrors (0ms)
				InitializePlatformSupportModulesInManaged (3ms)
				SetLoadedEditorAssemblies (3ms)
				RefreshPlugins (0ms)
				BeforeProcessingInitializeOnLoad (33ms)
				ProcessInitializeOnLoadAttributes (130ms)
				ProcessInitializeOnLoadMethodAttributes (10ms)
				AfterProcessingInitializeOnLoad (3ms)
				EditorAssembliesLoaded (0ms)
			ExecutionOrderSort2 (0ms)
			AwakeInstancesAfterBackupRestoration (4ms)
Refreshing native plugins compatible for Editor in 1.27 ms, found 3 plugins.
Preloading 0 native plugins for Editor in 0.00 ms.
Unloading 3062 Unused Serialized files (Serialized files now loaded: 0)
Unloading 22 unused Assets / (30.5 KB). Loaded Objects now: 3551.
Memory consumption went from 115.3 MB to 115.2 MB.
Total: 1.542300 ms (FindLiveObjects: 0.123000 ms CreateObjectMapping: 0.039700 ms MarkObjects: 1.348400 ms  DeleteObjects: 0.030500 ms)

Prepare: number of updated asset objects reloaded= 0
AssetImportParameters requested are different than current active one (requested -> active):
  custom:container-demuxer-ogg: 62fdf1f143b41e24485cea50d1cbac27 -> 
  custom:video-codec-MediaFoundation-h265: 746d11721c4dcdbdad8f713fa42b33f4 -> 
  custom:video-decoder-ogg-theora: a1e56fd34408186e4bbccfd4996cb3dc -> 
  custom:framework-win-MediaFoundation: 216162199b28c13a410421893ffa2e32 -> 
  custom:scripting/monoscript/fileName/AnimationButton.cs: 369ebafea120d23c241ccc8e0032594e -> 0de8f1e23f4da62e4466cba3afff39c5
  custom:container-demuxer-webm: 4f35f7cbe854078d1ac9338744f61a02 -> 
  custom:container-muxer-webm: aa71ff27fc2769a1b78a27578f13a17b -> 
  custom:video-decoder-webm-vp8: 9c59270c3fd7afecdb556c50c9e8de78 -> 
  custom:AudioImporter_EditorPlatform: d09bf68614088b80899f8185d706f6e7 -> 
  custom:scripting/monoscript/fileName/CameraController.cs: 19160a700714bae5af5b6e510e3a9bc4 -> a41d07c8003f69b679a9bb0b0800c12f
  custom:video-encoder-webm-vp8: eb34c28f22e8b96e1ab97ce403110664 -> 
  custom:audio-decoder-ogg-vorbis: bf7c407c2cedff20999df2af8eb42d56 -> 
  custom:audio-encoder-webm-vorbis: bf7c407c2cedff20999df2af8eb42d56 -> 
========================================================================
Received Prepare
Begin MonoManager ReloadAssembly
Symbol file LoadedFromMemory doesn't match image C:\Users\Usuario\Documents\GitHub\HungryDinnos\Library\PackageCache\com.unity.visualscripting@1.8.0\Editor\VisualScripting.Core\Dependencies\YamlDotNet\Unity.VisualScripting.YamlDotNet.dll
Symbol file LoadedFromMemory doesn't match image C:\Users\Usuario\Documents\GitHub\HungryDinnos\Library\PackageCache\com.unity.visualscripting@1.8.0\Editor\VisualScripting.Core\Dependencies\DotNetZip\Unity.VisualScripting.IonicZip.dll
- Loaded All Assemblies, in  0.384 seconds
Refreshing native plugins compatible for Editor in 1.44 ms, found 3 plugins.
Native extension for WindowsStandalone target not found
Mono: successfully reloaded assembly
- Finished resetting the current domain, in  0.435 seconds
Domain Reload Profiling:
	ReloadAssembly (119ms)
		BeginReloadAssembly (81ms)
			ExecutionOrderSort (0ms)
			DisableScriptedObjects (3ms)
			BackupInstance (0ms)
			ReleaseScriptingObjects (0ms)
			CreateAndSetChildDomain (22ms)
		LoadAllAssembliesAndSetupDomain (264ms)
			LoadAssemblies (134ms)
			RebuildTransferFunctionScriptingTraits (0ms)
			SetupTypeCache (163ms)
				TypeCache.Initialize (161ms)
					TypeCache.ScanAssembly (157ms)
				ResolveRequiredComponents (2ms)
		FinalizeReload (0ms)
			ReleaseScriptCaches (0ms)
			RebuildScriptCaches (0ms)
			SetupLoadedEditorAssemblies (203ms)
				LogAssemblyErrors (0ms)
				InitializePlatformSupportModulesInManaged (3ms)
				SetLoadedEditorAssemblies (3ms)
				RefreshPlugins (0ms)
				BeforeProcessingInitializeOnLoad (37ms)
				ProcessInitializeOnLoadAttributes (145ms)
				ProcessInitializeOnLoadMethodAttributes (12ms)
				AfterProcessingInitializeOnLoad (3ms)
				EditorAssembliesLoaded (0ms)
			ExecutionOrderSort2 (0ms)
			AwakeInstancesAfterBackupRestoration (5ms)
Refreshing native plugins compatible for Editor in 2.59 ms, found 3 plugins.
Preloading 0 native plugins for Editor in 0.00 ms.
Unloading 3063 Unused Serialized files (Serialized files now loaded: 0)
Unloading 22 unused Assets / (37.9 KB). Loaded Objects now: 3554.
Memory consumption went from 115.5 MB to 115.5 MB.
Total: 1.820700 ms (FindLiveObjects: 0.151800 ms CreateObjectMapping: 0.064000 ms MarkObjects: 1.568000 ms  DeleteObjects: 0.036100 ms)

Prepare: number of updated asset objects reloaded= 0
AssetImportParameters requested are different than current active one (requested -> active):
  custom:container-demuxer-ogg: 62fdf1f143b41e24485cea50d1cbac27 -> 
  custom:video-codec-MediaFoundation-h265: 746d11721c4dcdbdad8f713fa42b33f4 -> 
  custom:video-decoder-ogg-theora: a1e56fd34408186e4bbccfd4996cb3dc -> 
  custom:framework-win-MediaFoundation: 216162199b28c13a410421893ffa2e32 -> 
  custom:scripting/monoscript/fileName/AnimationButton.cs: 369ebafea120d23c241ccc8e0032594e -> 0de8f1e23f4da62e4466cba3afff39c5
  custom:container-demuxer-webm: 4f35f7cbe854078d1ac9338744f61a02 -> 
  custom:container-muxer-webm: aa71ff27fc2769a1b78a27578f13a17b -> 
  custom:video-decoder-webm-vp8: 9c59270c3fd7afecdb556c50c9e8de78 -> 
  custom:AudioImporter_EditorPlatform: d09bf68614088b80899f8185d706f6e7 -> 
  custom:scripting/monoscript/fileName/CameraController.cs: 19160a700714bae5af5b6e510e3a9bc4 -> a41d07c8003f69b679a9bb0b0800c12f
  custom:video-encoder-webm-vp8: eb34c28f22e8b96e1ab97ce403110664 -> 
  custom:audio-decoder-ogg-vorbis: bf7c407c2cedff20999df2af8eb42d56 -> 
  custom:audio-encoder-webm-vorbis: bf7c407c2cedff20999df2af8eb42d56 -> 
Editor requested this worker to shutdown with reason: Scaling down because of idle timeout
TcpMessagingSession - receive error: operation aborted. errorcode: 995, details: La operación de E/S se anuló por una salida de subproceso o por una solicitud de aplicación.
AssetImportWorker is now disconnected from the server
Process exiting
Exiting without the bug reporter. Application will terminate with return code 0