Using pre-set license
Built from '2022.2/staging' branch; Version is '2022.2.14f1 (b2c9b1ac6cc0) revision 11717041'; Using compiler version '192829333'; Build Type 'Release'
OS: 'Windows 11  (10.0.22621) 64bit Core' Language: 'es' Physical Memory: 32577 MB
BatchMode: 1, IsHumanControllingUs: 0, StartBugReporterOnCrash: 0, Is64bit: 1, IsPro: 1

COMMAND LINE ARGUMENTS:
C:\Program Files\Unity\Hub\Editor\2022.2.14f1\Editor\Unity.exe
-adb2
-batchMode
-noUpm
-name
AssetImportWorker5
-projectPath
C:/Users/Usuario/Documents/GitHub/HungryDinnos
-logFile
Logs/AssetImportWorker5.log
-srvPort
53153
Successfully changed project path to: C:/Users/Usuario/Documents/GitHub/HungryDinnos
C:/Users/Usuario/Documents/GitHub/HungryDinnos
[UnityMemory] Configuration Parameters - Can be set up in boot.config
    "memorysetup-bucket-allocator-granularity=16"
    "memorysetup-bucket-allocator-bucket-count=8"
    "memorysetup-bucket-allocator-block-size=33554432"
    "memorysetup-bucket-allocator-block-count=8"
    "memorysetup-main-allocator-block-size=16777216"
    "memorysetup-thread-allocator-block-size=16777216"
    "memorysetup-gfx-main-allocator-block-size=16777216"
    "memorysetup-gfx-thread-allocator-block-size=16777216"
    "memorysetup-cache-allocator-block-size=4194304"
    "memorysetup-typetree-allocator-block-size=2097152"
    "memorysetup-profiler-bucket-allocator-granularity=16"
    "memorysetup-profiler-bucket-allocator-bucket-count=8"
    "memorysetup-profiler-bucket-allocator-block-size=33554432"
    "memorysetup-profiler-bucket-allocator-block-count=8"
    "memorysetup-profiler-allocator-block-size=16777216"
    "memorysetup-profiler-editor-allocator-block-size=1048576"
    "memorysetup-temp-allocator-size-main=16777216"
    "memorysetup-job-temp-allocator-block-size=2097152"
    "memorysetup-job-temp-allocator-block-size-background=1048576"
    "memorysetup-job-temp-allocator-reduction-small-platforms=262144"
    "memorysetup-temp-allocator-size-background-worker=32768"
    "memorysetup-temp-allocator-size-job-worker=262144"
    "memorysetup-temp-allocator-size-preload-manager=33554432"
    "memorysetup-temp-allocator-size-nav-mesh-worker=65536"
    "memorysetup-temp-allocator-size-audio-worker=65536"
    "memorysetup-temp-allocator-size-cloud-worker=32768"
    "memorysetup-temp-allocator-size-gi-baking-worker=262144"
    "memorysetup-temp-allocator-size-gfx=262144"
Player connection [41516] Host "[IP] 192.168.1.134 [Port] 0 [Flags] 2 [Guid] 1755607861 [EditorId] 1755607861 [Version] 1048832 [Id] WindowsEditor(7,DESKTOP-DOPQ7VR) [Debug] 1 [PackageName] WindowsEditor [ProjectName] Editor" joined multi-casting on [225.0.0.222:54997]...

Player connection [41516] Host "[IP] 192.168.1.134 [Port] 0 [Flags] 2 [Guid] 1755607861 [EditorId] 1755607861 [Version] 1048832 [Id] WindowsEditor(7,DESKTOP-DOPQ7VR) [Debug] 1 [PackageName] WindowsEditor [ProjectName] Editor" joined alternative multi-casting on [225.0.0.222:34997]...

Refreshing native plugins compatible for Editor in 3.43 ms, found 3 plugins.
Preloading 0 native plugins for Editor in 0.00 ms.
Initialize engine version: 2022.2.14f1 (b2c9b1ac6cc0)
[Subsystems] Discovering subsystems at path C:/Program Files/Unity/Hub/Editor/2022.2.14f1/Editor/Data/Resources/UnitySubsystems
[Subsystems] Discovering subsystems at path C:/Users/Usuario/Documents/GitHub/HungryDinnos/Assets
GfxDevice: creating device client; threaded=0; jobified=0
Direct3D:
    Version:  Direct3D 11.0 [level 11.1]
    Renderer: NVIDIA GeForce RTX 3080 (ID=0x2216)
    Vendor:   NVIDIA
    VRAM:     10067 MB
    Driver:   31.0.15.3141
Initialize mono
Mono path[0] = 'C:/Program Files/Unity/Hub/Editor/2022.2.14f1/Editor/Data/Managed'
Mono path[1] = 'C:/Program Files/Unity/Hub/Editor/2022.2.14f1/Editor/Data/MonoBleedingEdge/lib/mono/unityjit-win32'
Mono config path = 'C:/Program Files/Unity/Hub/Editor/2022.2.14f1/Editor/Data/MonoBleedingEdge/etc'
Using monoOptions --debugger-agent=transport=dt_socket,embedding=1,server=y,suspend=n,address=127.0.0.1:56120
Begin MonoManager ReloadAssembly
Registering precompiled unity dll's ...
Register platform support module: C:/Program Files/Unity/Hub/Editor/2022.2.14f1/Editor/Data/PlaybackEngines/WindowsStandaloneSupport/UnityEditor.WindowsStandalone.Extensions.dll
Registered in 0.002707 seconds.
- Loaded All Assemblies, in  0.165 seconds
Native extension for WindowsStandalone target not found
Mono: successfully reloaded assembly
- Finished resetting the current domain, in  0.144 seconds
Domain Reload Profiling:
	ReloadAssembly (99ms)
		BeginReloadAssembly (45ms)
			ExecutionOrderSort (0ms)
			DisableScriptedObjects (0ms)
			BackupInstance (0ms)
			ReleaseScriptingObjects (0ms)
			CreateAndSetChildDomain (0ms)
		LoadAllAssembliesAndSetupDomain (0ms)
			LoadAssemblies (44ms)
			RebuildTransferFunctionScriptingTraits (0ms)
			SetupTypeCache (64ms)
				TypeCache.Initialize (63ms)
					TypeCache.ScanAssembly (62ms)
				ResolveRequiredComponents (0ms)
		FinalizeReload (0ms)
			ReleaseScriptCaches (0ms)
			RebuildScriptCaches (0ms)
			SetupLoadedEditorAssemblies (108ms)
				LogAssemblyErrors (0ms)
				InitializePlatformSupportModulesInManaged (5ms)
				SetLoadedEditorAssemblies (4ms)
				RefreshPlugins (0ms)
				BeforeProcessingInitializeOnLoad (1ms)
				ProcessInitializeOnLoadAttributes (73ms)
				ProcessInitializeOnLoadMethodAttributes (26ms)
				AfterProcessingInitializeOnLoad (0ms)
				EditorAssembliesLoaded (0ms)
			ExecutionOrderSort2 (0ms)
			AwakeInstancesAfterBackupRestoration (0ms)
========================================================================
Worker process is ready to serve import requests
Begin MonoManager ReloadAssembly
Symbol file LoadedFromMemory doesn't match image C:\Users\Usuario\Documents\GitHub\HungryDinnos\Library\PackageCache\com.unity.visualscripting@1.8.0\Editor\VisualScripting.Core\Dependencies\YamlDotNet\Unity.VisualScripting.YamlDotNet.dll
Symbol file LoadedFromMemory doesn't match image C:\Users\Usuario\Documents\GitHub\HungryDinnos\Library\PackageCache\com.unity.visualscripting@1.8.0\Editor\VisualScripting.Core\Dependencies\DotNetZip\Unity.VisualScripting.IonicZip.dll
- Loaded All Assemblies, in  0.366 seconds
Refreshing native plugins compatible for Editor in 1.24 ms, found 3 plugins.
Native extension for WindowsStandalone target not found
Mono: successfully reloaded assembly
- Finished resetting the current domain, in  0.258 seconds
Domain Reload Profiling:
	ReloadAssembly (118ms)
		BeginReloadAssembly (74ms)
			ExecutionOrderSort (0ms)
			DisableScriptedObjects (3ms)
			BackupInstance (0ms)
			ReleaseScriptingObjects (0ms)
			CreateAndSetChildDomain (11ms)
		LoadAllAssembliesAndSetupDomain (246ms)
			LoadAssemblies (130ms)
			RebuildTransferFunctionScriptingTraits (0ms)
			SetupTypeCache (147ms)
				TypeCache.Initialize (138ms)
					TypeCache.ScanAssembly (136ms)
				ResolveRequiredComponents (2ms)
		FinalizeReload (0ms)
			ReleaseScriptCaches (0ms)
			RebuildScriptCaches (0ms)
			SetupLoadedEditorAssemblies (183ms)
				LogAssemblyErrors (0ms)
				InitializePlatformSupportModulesInManaged (3ms)
				SetLoadedEditorAssemblies (2ms)
				RefreshPlugins (0ms)
				BeforeProcessingInitializeOnLoad (29ms)
				ProcessInitializeOnLoadAttributes (137ms)
				ProcessInitializeOnLoadMethodAttributes (10ms)
				AfterProcessingInitializeOnLoad (3ms)
				EditorAssembliesLoaded (0ms)
			ExecutionOrderSort2 (0ms)
			AwakeInstancesAfterBackupRestoration (4ms)
Launched and connected shader compiler UnityShaderCompiler.exe after 0.02 seconds
Refreshing native plugins compatible for Editor in 1.94 ms, found 3 plugins.
Preloading 0 native plugins for Editor in 0.00 ms.
Unloading 3066 Unused Serialized files (Serialized files now loaded: 0)
Unloading 31 unused Assets / (66.2 KB). Loaded Objects now: 3531.
Memory consumption went from 109.4 MB to 109.3 MB.
Total: 1.777000 ms (FindLiveObjects: 0.126600 ms CreateObjectMapping: 0.042700 ms MarkObjects: 1.545600 ms  DeleteObjects: 0.061600 ms)

AssetImportParameters requested are different than current active one (requested -> active):
  custom:container-demuxer-ogg: 62fdf1f143b41e24485cea50d1cbac27 -> 
  custom:video-codec-MediaFoundation-h265: 746d11721c4dcdbdad8f713fa42b33f4 -> 
  custom:video-decoder-ogg-theora: a1e56fd34408186e4bbccfd4996cb3dc -> 
  custom:framework-win-MediaFoundation: 216162199b28c13a410421893ffa2e32 -> 
  custom:container-demuxer-webm: 4f35f7cbe854078d1ac9338744f61a02 -> 
  custom:container-muxer-webm: aa71ff27fc2769a1b78a27578f13a17b -> 
  custom:video-decoder-webm-vp8: 9c59270c3fd7afecdb556c50c9e8de78 -> 
  custom:AudioImporter_EditorPlatform: d09bf68614088b80899f8185d706f6e7 -> 
  custom:video-encoder-webm-vp8: eb34c28f22e8b96e1ab97ce403110664 -> 
  custom:audio-decoder-ogg-vorbis: bf7c407c2cedff20999df2af8eb42d56 -> 
  custom:audio-encoder-webm-vorbis: bf7c407c2cedff20999df2af8eb42d56 -> 
========================================================================
Received Prepare
Begin MonoManager ReloadAssembly
Symbol file LoadedFromMemory doesn't match image C:\Users\Usuario\Documents\GitHub\HungryDinnos\Library\PackageCache\com.unity.visualscripting@1.8.0\Editor\VisualScripting.Core\Dependencies\YamlDotNet\Unity.VisualScripting.YamlDotNet.dll
Symbol file LoadedFromMemory doesn't match image C:\Users\Usuario\Documents\GitHub\HungryDinnos\Library\PackageCache\com.unity.visualscripting@1.8.0\Editor\VisualScripting.Core\Dependencies\DotNetZip\Unity.VisualScripting.IonicZip.dll
- Loaded All Assemblies, in  0.352 seconds
Refreshing native plugins compatible for Editor in 1.60 ms, found 3 plugins.
Native extension for WindowsStandalone target not found
Mono: successfully reloaded assembly
- Finished resetting the current domain, in  0.417 seconds
Domain Reload Profiling:
	ReloadAssembly (117ms)
		BeginReloadAssembly (78ms)
			ExecutionOrderSort (0ms)
			DisableScriptedObjects (3ms)
			BackupInstance (0ms)
			ReleaseScriptingObjects (0ms)
			CreateAndSetChildDomain (19ms)
		LoadAllAssembliesAndSetupDomain (234ms)
			LoadAssemblies (128ms)
			RebuildTransferFunctionScriptingTraits (0ms)
			SetupTypeCache (139ms)
				TypeCache.Initialize (136ms)
					TypeCache.ScanAssembly (133ms)
				ResolveRequiredComponents (3ms)
		FinalizeReload (0ms)
			ReleaseScriptCaches (0ms)
			RebuildScriptCaches (0ms)
			SetupLoadedEditorAssemblies (195ms)
				LogAssemblyErrors (0ms)
				InitializePlatformSupportModulesInManaged (3ms)
				SetLoadedEditorAssemblies (3ms)
				RefreshPlugins (0ms)
				BeforeProcessingInitializeOnLoad (35ms)
				ProcessInitializeOnLoadAttributes (139ms)
				ProcessInitializeOnLoadMethodAttributes (11ms)
				AfterProcessingInitializeOnLoad (4ms)
				EditorAssembliesLoaded (0ms)
			ExecutionOrderSort2 (0ms)
			AwakeInstancesAfterBackupRestoration (5ms)
Refreshing native plugins compatible for Editor in 2.31 ms, found 3 plugins.
Preloading 0 native plugins for Editor in 0.00 ms.
Unloading 3058 Unused Serialized files (Serialized files now loaded: 0)
Unloading 22 unused Assets / (37.9 KB). Loaded Objects now: 3534.
Memory consumption went from 108.3 MB to 108.2 MB.
Total: 1.716300 ms (FindLiveObjects: 0.126600 ms CreateObjectMapping: 0.035100 ms MarkObjects: 1.523400 ms  DeleteObjects: 0.030200 ms)

Prepare: number of updated asset objects reloaded= 0
AssetImportParameters requested are different than current active one (requested -> active):
  custom:container-demuxer-ogg: 62fdf1f143b41e24485cea50d1cbac27 -> 
  custom:video-codec-MediaFoundation-h265: 746d11721c4dcdbdad8f713fa42b33f4 -> 
  custom:video-decoder-ogg-theora: a1e56fd34408186e4bbccfd4996cb3dc -> 
  custom:framework-win-MediaFoundation: 216162199b28c13a410421893ffa2e32 -> 
  custom:container-demuxer-webm: 4f35f7cbe854078d1ac9338744f61a02 -> 
  custom:container-muxer-webm: aa71ff27fc2769a1b78a27578f13a17b -> 
  custom:video-decoder-webm-vp8: 9c59270c3fd7afecdb556c50c9e8de78 -> 
  custom:AudioImporter_EditorPlatform: d09bf68614088b80899f8185d706f6e7 -> 
  custom:video-encoder-webm-vp8: eb34c28f22e8b96e1ab97ce403110664 -> 
  custom:audio-decoder-ogg-vorbis: bf7c407c2cedff20999df2af8eb42d56 -> 
  custom:audio-encoder-webm-vorbis: bf7c407c2cedff20999df2af8eb42d56 -> 
========================================================================
Received Prepare
Begin MonoManager ReloadAssembly
Symbol file LoadedFromMemory doesn't match image C:\Users\Usuario\Documents\GitHub\HungryDinnos\Library\PackageCache\com.unity.visualscripting@1.8.0\Editor\VisualScripting.Core\Dependencies\YamlDotNet\Unity.VisualScripting.YamlDotNet.dll
Symbol file LoadedFromMemory doesn't match image C:\Users\Usuario\Documents\GitHub\HungryDinnos\Library\PackageCache\com.unity.visualscripting@1.8.0\Editor\VisualScripting.Core\Dependencies\DotNetZip\Unity.VisualScripting.IonicZip.dll
- Loaded All Assemblies, in  0.377 seconds
Refreshing native plugins compatible for Editor in 1.60 ms, found 3 plugins.
Native extension for WindowsStandalone target not found
Mono: successfully reloaded assembly
- Finished resetting the current domain, in  0.422 seconds
Domain Reload Profiling:
	ReloadAssembly (122ms)
		BeginReloadAssembly (81ms)
			ExecutionOrderSort (0ms)
			DisableScriptedObjects (3ms)
			BackupInstance (0ms)
			ReleaseScriptingObjects (0ms)
			CreateAndSetChildDomain (20ms)
		LoadAllAssembliesAndSetupDomain (254ms)
			LoadAssemblies (139ms)
			RebuildTransferFunctionScriptingTraits (0ms)
			SetupTypeCache (148ms)
				TypeCache.Initialize (144ms)
					TypeCache.ScanAssembly (141ms)
				ResolveRequiredComponents (3ms)
		FinalizeReload (0ms)
			ReleaseScriptCaches (0ms)
			RebuildScriptCaches (0ms)
			SetupLoadedEditorAssemblies (179ms)
				LogAssemblyErrors (0ms)
				InitializePlatformSupportModulesInManaged (3ms)
				SetLoadedEditorAssemblies (3ms)
				RefreshPlugins (0ms)
				BeforeProcessingInitializeOnLoad (33ms)
				ProcessInitializeOnLoadAttributes (127ms)
				ProcessInitializeOnLoadMethodAttributes (10ms)
				AfterProcessingInitializeOnLoad (3ms)
				EditorAssembliesLoaded (0ms)
			ExecutionOrderSort2 (0ms)
			AwakeInstancesAfterBackupRestoration (4ms)
Refreshing native plugins compatible for Editor in 1.44 ms, found 3 plugins.
Preloading 0 native plugins for Editor in 0.00 ms.
Unloading 3058 Unused Serialized files (Serialized files now loaded: 0)
Unloading 22 unused Assets / (37.9 KB). Loaded Objects now: 3537.
Memory consumption went from 108.3 MB to 108.2 MB.
Total: 1.795300 ms (FindLiveObjects: 0.125300 ms CreateObjectMapping: 0.123700 ms MarkObjects: 1.516200 ms  DeleteObjects: 0.029400 ms)

Prepare: number of updated asset objects reloaded= 0
AssetImportParameters requested are different than current active one (requested -> active):
  custom:container-demuxer-ogg: 62fdf1f143b41e24485cea50d1cbac27 -> 
  custom:video-codec-MediaFoundation-h265: 746d11721c4dcdbdad8f713fa42b33f4 -> 
  custom:video-decoder-ogg-theora: a1e56fd34408186e4bbccfd4996cb3dc -> 
  custom:framework-win-MediaFoundation: 216162199b28c13a410421893ffa2e32 -> 
  custom:container-demuxer-webm: 4f35f7cbe854078d1ac9338744f61a02 -> 
  custom:container-muxer-webm: aa71ff27fc2769a1b78a27578f13a17b -> 
  custom:video-decoder-webm-vp8: 9c59270c3fd7afecdb556c50c9e8de78 -> 
  custom:AudioImporter_EditorPlatform: d09bf68614088b80899f8185d706f6e7 -> 
  custom:video-encoder-webm-vp8: eb34c28f22e8b96e1ab97ce403110664 -> 
  custom:audio-decoder-ogg-vorbis: bf7c407c2cedff20999df2af8eb42d56 -> 
  custom:audio-encoder-webm-vorbis: bf7c407c2cedff20999df2af8eb42d56 -> 
========================================================================
Received Import Request.
  Time since last request: 528477.940211 seconds.
  path: Assets/0LowpolyDinosaurs/Models/Alvarezsaurus.fbx
  artifactKey: Guid(5b6b39f3115cef540a4f282f755891ca) Importer(815301076,1909f56bfc062723c751e8b465ee728b)
Start importing Assets/0LowpolyDinosaurs/Models/Alvarezsaurus.fbx using Guid(5b6b39f3115cef540a4f282f755891ca) Importer(815301076,1909f56bfc062723c751e8b465ee728b)  -> (artifact id: '0f55cfcc3a33ef659d39fe1114788d3b') in 0.102183 seconds
Number of updated asset objects reloaded before import = 0
Number of asset objects unloaded after import = 125
========================================================================
Received Import Request.
  Time since last request: 0.000013 seconds.
  path: Assets/0LowpolyDinosaurs/Models/Parasaurolophus.fbx
  artifactKey: Guid(a06f6ded6f234154991d1208fa765464) Importer(815301076,1909f56bfc062723c751e8b465ee728b)
Start importing Assets/0LowpolyDinosaurs/Models/Parasaurolophus.fbx using Guid(a06f6ded6f234154991d1208fa765464) Importer(815301076,1909f56bfc062723c751e8b465ee728b)  -> (artifact id: '9a311c59a0d6b8ddd17ec21c3344b056') in 0.068684 seconds
Number of updated asset objects reloaded before import = 0
Number of asset objects unloaded after import = 121
========================================================================
Received Import Request.
  Time since last request: 0.000012 seconds.
  path: Assets/0LowpolyDinosaurs/Models/Ankylosaurus.fbx
  artifactKey: Guid(1b3029c94f4ac6a4a90690f72119aee5) Importer(815301076,1909f56bfc062723c751e8b465ee728b)
Start importing Assets/0LowpolyDinosaurs/Models/Ankylosaurus.fbx using Guid(1b3029c94f4ac6a4a90690f72119aee5) Importer(815301076,1909f56bfc062723c751e8b465ee728b)  -> (artifact id: '924cc1b029b639f72e66d0c8bb09b03f') in 0.040855 seconds
Number of updated asset objects reloaded before import = 0
Number of asset objects unloaded after import = 124
========================================================================
Received Import Request.
  Time since last request: 0.000019 seconds.
  path: Assets/0LowpolyDinosaurs/Models/Lambeosaurus.fbx
  artifactKey: Guid(8fed327b800ba524fae67a199e2cd94e) Importer(815301076,1909f56bfc062723c751e8b465ee728b)
Start importing Assets/0LowpolyDinosaurs/Models/Lambeosaurus.fbx using Guid(8fed327b800ba524fae67a199e2cd94e) Importer(815301076,1909f56bfc062723c751e8b465ee728b)  -> (artifact id: '81cd9a82941b7303c955f454141064df') in 0.027960 seconds
Number of updated asset objects reloaded before import = 0
Number of asset objects unloaded after import = 121
========================================================================
Received Import Request.
  Time since last request: 0.000012 seconds.
  path: Assets/0LowpolyDinosaurs/Models/Deinonychus.fbx
  artifactKey: Guid(aaba3c898cc06704dbaed0df64a3bfda) Importer(815301076,1909f56bfc062723c751e8b465ee728b)
Start importing Assets/0LowpolyDinosaurs/Models/Deinonychus.fbx using Guid(aaba3c898cc06704dbaed0df64a3bfda) Importer(815301076,1909f56bfc062723c751e8b465ee728b)  -> (artifact id: '3db79136f486df0a5bd24942f7562b17') in 0.016305 seconds
Number of updated asset objects reloaded before import = 0
Number of asset objects unloaded after import = 123
========================================================================
Received Import Request.
  Time since last request: 0.000011 seconds.
  path: Assets/0LowpolyDinosaurs/Models/Triceratops.fbx
  artifactKey: Guid(b98fcc9bc4349b440bec81d9e636bf5c) Importer(815301076,1909f56bfc062723c751e8b465ee728b)
Start importing Assets/0LowpolyDinosaurs/Models/Triceratops.fbx using Guid(b98fcc9bc4349b440bec81d9e636bf5c) Importer(815301076,1909f56bfc062723c751e8b465ee728b)  -> (artifact id: '4ced3dd925c27a8909f7228fce63e0ff') in 0.015772 seconds
Number of updated asset objects reloaded before import = 0
Number of asset objects unloaded after import = 124
========================================================================
Received Import Request.
  Time since last request: 0.000010 seconds.
  path: Assets/0LowpolyDinosaurs/Models/Elasmosaurus.fbx
  artifactKey: Guid(e707a4e61107a094abcbc781acfdc457) Importer(815301076,1909f56bfc062723c751e8b465ee728b)
Start importing Assets/0LowpolyDinosaurs/Models/Elasmosaurus.fbx using Guid(e707a4e61107a094abcbc781acfdc457) Importer(815301076,1909f56bfc062723c751e8b465ee728b)  -> (artifact id: '759fe286446cd48e10333ab80308a8ba') in 0.014239 seconds
Number of updated asset objects reloaded before import = 0
Number of asset objects unloaded after import = 75
========================================================================
Received Import Request.
  Time since last request: 0.000010 seconds.
  path: Assets/0LowpolyDinosaurs/Models/Tupandactylus.fbx
  artifactKey: Guid(d8d93cfc94ad2b94bb095ae576453b13) Importer(815301076,1909f56bfc062723c751e8b465ee728b)
Start importing Assets/0LowpolyDinosaurs/Models/Tupandactylus.fbx using Guid(d8d93cfc94ad2b94bb095ae576453b13) Importer(815301076,1909f56bfc062723c751e8b465ee728b)  -> (artifact id: 'cb341057c1ff9f4a04f3d3c24383f5ca') in 0.014472 seconds
Number of updated asset objects reloaded before import = 0
Number of asset objects unloaded after import = 106
========================================================================
Received Import Request.
  Time since last request: 0.000011 seconds.
  path: Assets/0LowpolyDinosaurs/Models/Therizinosaurus.fbx
  artifactKey: Guid(1b1dcc683b5353640ac92dd3d3bd19f6) Importer(815301076,1909f56bfc062723c751e8b465ee728b)
Start importing Assets/0LowpolyDinosaurs/Models/Therizinosaurus.fbx using Guid(1b1dcc683b5353640ac92dd3d3bd19f6) Importer(815301076,1909f56bfc062723c751e8b465ee728b)  -> (artifact id: '70473b2e1ebd4f7e76c98d50f27bb4f1') in 0.015453 seconds
Number of updated asset objects reloaded before import = 0
Number of asset objects unloaded after import = 125
========================================================================
Received Import Request.
  Time since last request: 0.000018 seconds.
  path: Assets/0LowpolyDinosaurs/Models/Ornithomimus.fbx
  artifactKey: Guid(38d8eb962f66397459a5a1eac34ca015) Importer(815301076,1909f56bfc062723c751e8b465ee728b)
Start importing Assets/0LowpolyDinosaurs/Models/Ornithomimus.fbx using Guid(38d8eb962f66397459a5a1eac34ca015) Importer(815301076,1909f56bfc062723c751e8b465ee728b)  -> (artifact id: '7f259e6cf68d3e145c8f22ae9d0028b2') in 0.015665 seconds
Number of updated asset objects reloaded before import = 0
Number of asset objects unloaded after import = 127
========================================================================
Received Import Request.
  Time since last request: 0.000011 seconds.
  path: Assets/0LowpolyDinosaurs/Models/Kentrosaurus.fbx
  artifactKey: Guid(6112c873bf3dfe6449791ea8d0979dd3) Importer(815301076,1909f56bfc062723c751e8b465ee728b)
Start importing Assets/0LowpolyDinosaurs/Models/Kentrosaurus.fbx using Guid(6112c873bf3dfe6449791ea8d0979dd3) Importer(815301076,1909f56bfc062723c751e8b465ee728b)  -> (artifact id: '043180c83e87c4ea829fc2351f4aedae') in 0.016803 seconds
Number of updated asset objects reloaded before import = 0
Number of asset objects unloaded after import = 176
========================================================================
Received Import Request.
  Time since last request: 0.000010 seconds.
  path: Assets/0LowpolyDinosaurs/Models/Iguanodon.fbx
  artifactKey: Guid(d3cb2493654cf044292b131b1075886d) Importer(815301076,1909f56bfc062723c751e8b465ee728b)
Start importing Assets/0LowpolyDinosaurs/Models/Iguanodon.fbx using Guid(d3cb2493654cf044292b131b1075886d) Importer(815301076,1909f56bfc062723c751e8b465ee728b)  -> (artifact id: '2c54d560bee0d36279f142e820525c2d') in 0.015266 seconds
Number of updated asset objects reloaded before import = 0
Number of asset objects unloaded after import = 123
========================================================================
Received Import Request.
  Time since last request: 0.000011 seconds.
  path: Assets/0LowpolyDinosaurs/Models/Cryolophosaurus.fbx
  artifactKey: Guid(7d16e4fe5c92dd94592f26917d59c11c) Importer(815301076,1909f56bfc062723c751e8b465ee728b)
Start importing Assets/0LowpolyDinosaurs/Models/Cryolophosaurus.fbx using Guid(7d16e4fe5c92dd94592f26917d59c11c) Importer(815301076,1909f56bfc062723c751e8b465ee728b)  -> (artifact id: 'e73cf89d061e87e53de1139bd0f9e4dc') in 0.014941 seconds
Number of updated asset objects reloaded before import = 0
Number of asset objects unloaded after import = 121
========================================================================
Received Import Request.
  Time since last request: 0.000012 seconds.
  path: Assets/0LowpolyDinosaurs/Models/T-REX.fbx
  artifactKey: Guid(97056d9b7e6567c4e8c2a48ebfd4a632) Importer(815301076,1909f56bfc062723c751e8b465ee728b)
Start importing Assets/0LowpolyDinosaurs/Models/T-REX.fbx using Guid(97056d9b7e6567c4e8c2a48ebfd4a632) Importer(815301076,1909f56bfc062723c751e8b465ee728b)  -> (artifact id: '49c9a0e5604c28d1876c8f723724eb9a') in 0.015417 seconds
Number of updated asset objects reloaded before import = 0
Number of asset objects unloaded after import = 124
========================================================================
Received Import Request.
  Time since last request: 9.032721 seconds.
  path: Assets/0LowpolyDinosaurs/Models/Environment/Mountain_3.fbx
  artifactKey: Guid(e1856085bec9f4446b632622df715b14) Importer(815301076,1909f56bfc062723c751e8b465ee728b)
Start importing Assets/0LowpolyDinosaurs/Models/Environment/Mountain_3.fbx using Guid(e1856085bec9f4446b632622df715b14) Importer(815301076,1909f56bfc062723c751e8b465ee728b)  -> (artifact id: '35ee1deb6881bcd9bf0d0fbcdfd03288') in 0.028033 seconds
Number of updated asset objects reloaded before import = 0
Number of asset objects unloaded after import = 8
========================================================================
Received Import Request.
  Time since last request: 0.000014 seconds.
  path: Assets/0LowpolyDinosaurs/Models/Environment/Plant4_1.fbx
  artifactKey: Guid(20d8c27c36ee35c49bd6750426ef38a2) Importer(815301076,1909f56bfc062723c751e8b465ee728b)
Start importing Assets/0LowpolyDinosaurs/Models/Environment/Plant4_1.fbx using Guid(20d8c27c36ee35c49bd6750426ef38a2) Importer(815301076,1909f56bfc062723c751e8b465ee728b)  -> (artifact id: 'd8c2dd1496e9f79915a9aba1ae421cd1') in 0.030179 seconds
Number of updated asset objects reloaded before import = 0
Number of asset objects unloaded after import = 11
========================================================================
Received Import Request.
  Time since last request: 0.000012 seconds.
  path: Assets/0LowpolyDinosaurs/Models/Environment/Plant3_1.fbx
  artifactKey: Guid(c3b51cfd0d9910248820bc9fda0daec4) Importer(815301076,1909f56bfc062723c751e8b465ee728b)
Start importing Assets/0LowpolyDinosaurs/Models/Environment/Plant3_1.fbx using Guid(c3b51cfd0d9910248820bc9fda0daec4) Importer(815301076,1909f56bfc062723c751e8b465ee728b)  -> (artifact id: '96991e4b124bac231fd014846e074d8f') in 0.011605 seconds
Number of updated asset objects reloaded before import = 0
Number of asset objects unloaded after import = 11
========================================================================
Received Import Request.
  Time since last request: 0.000010 seconds.
  path: Assets/0LowpolyDinosaurs/Models/Environment/Plant2_1.fbx
  artifactKey: Guid(83339902787a4ac479c928d7ce03f3c8) Importer(815301076,1909f56bfc062723c751e8b465ee728b)
Start importing Assets/0LowpolyDinosaurs/Models/Environment/Plant2_1.fbx using Guid(83339902787a4ac479c928d7ce03f3c8) Importer(815301076,1909f56bfc062723c751e8b465ee728b)  -> (artifact id: 'd200fbcc825b5ce5401bb728380f7064') in 0.010934 seconds
Number of updated asset objects reloaded before import = 0
Number of asset objects unloaded after import = 11
========================================================================
Received Import Request.
  Time since last request: 0.000009 seconds.
  path: Assets/0LowpolyDinosaurs/Models/Environment/Rock_4.fbx
  artifactKey: Guid(eaee1ca4f08ef9446aa2e6b189edad46) Importer(815301076,1909f56bfc062723c751e8b465ee728b)
Start importing Assets/0LowpolyDinosaurs/Models/Environment/Rock_4.fbx using Guid(eaee1ca4f08ef9446aa2e6b189edad46) Importer(815301076,1909f56bfc062723c751e8b465ee728b)  -> (artifact id: 'b40a004b5f6bd9673757f9ffc357f965') in 0.009041 seconds
Number of updated asset objects reloaded before import = 0
Number of asset objects unloaded after import = 8
========================================================================
Received Import Request.
  Time since last request: 0.000011 seconds.
  path: Assets/0LowpolyDinosaurs/Models/Environment/Plant1_2.fbx
  artifactKey: Guid(a706958d9652da84e83b3ae2e30a6e31) Importer(815301076,1909f56bfc062723c751e8b465ee728b)
Start importing Assets/0LowpolyDinosaurs/Models/Environment/Plant1_2.fbx using Guid(a706958d9652da84e83b3ae2e30a6e31) Importer(815301076,1909f56bfc062723c751e8b465ee728b)  -> (artifact id: '1129254ca1a768f66a7fa10a841bf9af') in 0.010116 seconds
Number of updated asset objects reloaded before import = 0
Number of asset objects unloaded after import = 9
========================================================================
Received Import Request.
  Time since last request: 0.000015 seconds.
  path: Assets/0LowpolyDinosaurs/Models/Environment/Plant1_1.fbx
  artifactKey: Guid(d7f83438637a21f44bf442227d608c30) Importer(815301076,1909f56bfc062723c751e8b465ee728b)
Start importing Assets/0LowpolyDinosaurs/Models/Environment/Plant1_1.fbx using Guid(d7f83438637a21f44bf442227d608c30) Importer(815301076,1909f56bfc062723c751e8b465ee728b)  -> (artifact id: '2a600a9db74cc598869fb750d4f842f8') in 0.010709 seconds
Number of updated asset objects reloaded before import = 0
Number of asset objects unloaded after import = 9
Editor requested this worker to shutdown with reason: Scaling down because of idle timeout
TcpMessagingSession - receive error: operation aborted. errorcode: 995, details: La operación de E/S se anuló por una salida de subproceso o por una solicitud de aplicación.
AssetImportWorker is now disconnected from the server
Process exiting
Exiting without the bug reporter. Application will terminate with return code 0